<?xml version="1.0" encoding="UTF-8"?>
<testsuite name="com.shutl.controller.QuoteControllerFunctionalTest" tests="3" skipped="0" failures="0" errors="0" timestamp="2021-12-23T22:59:34" hostname="MacBook-Air-5.local" time="0.228">
  <properties/>
  <testcase name="testVehicleFunctionalities" classname="com.shutl.controller.QuoteControllerFunctionalTest" time="0.195"/>
  <testcase name="testBasicService" classname="com.shutl.controller.QuoteControllerFunctionalTest" time="0.012"/>
  <testcase name="testVariablePricingByDistance" classname="com.shutl.controller.QuoteControllerFunctionalTest" time="0.018"/>
  <system-out><![CDATA[04:29:31.063 [Test worker] DEBUG org.springframework.test.context.junit4.SpringJUnit4ClassRunner - SpringJUnit4ClassRunner constructor called with [class com.shutl.controller.QuoteControllerFunctionalTest]
04:29:31.072 [Test worker] DEBUG org.springframework.test.context.BootstrapUtils - Instantiating CacheAwareContextLoaderDelegate from class [org.springframework.test.context.cache.DefaultCacheAwareContextLoaderDelegate]
04:29:31.093 [Test worker] DEBUG org.springframework.test.context.BootstrapUtils - Instantiating BootstrapContext using constructor [public org.springframework.test.context.support.DefaultBootstrapContext(java.lang.Class,org.springframework.test.context.CacheAwareContextLoaderDelegate)]
04:29:31.114 [Test worker] DEBUG org.springframework.test.context.BootstrapUtils - Instantiating TestContextBootstrapper for test class [com.shutl.controller.QuoteControllerFunctionalTest] from class [org.springframework.boot.test.context.SpringBootTestContextBootstrapper]
04:29:31.127 [Test worker] INFO org.springframework.boot.test.context.SpringBootTestContextBootstrapper - Neither @ContextConfiguration nor @ContextHierarchy found for test class [com.shutl.controller.QuoteControllerFunctionalTest], using SpringBootContextLoader
04:29:31.134 [Test worker] DEBUG org.springframework.test.context.support.AbstractContextLoader - Did not detect default resource location for test class [com.shutl.controller.QuoteControllerFunctionalTest]: class path resource [com/shutl/controller/QuoteControllerFunctionalTest-context.xml] does not exist
04:29:31.135 [Test worker] DEBUG org.springframework.test.context.support.AbstractContextLoader - Did not detect default resource location for test class [com.shutl.controller.QuoteControllerFunctionalTest]: class path resource [com/shutl/controller/QuoteControllerFunctionalTestContext.groovy] does not exist
04:29:31.136 [Test worker] INFO org.springframework.test.context.support.AbstractContextLoader - Could not detect default resource locations for test class [com.shutl.controller.QuoteControllerFunctionalTest]: no resource found for suffixes {-context.xml, Context.groovy}.
04:29:31.198 [Test worker] DEBUG org.springframework.test.context.support.ActiveProfilesUtils - Could not find an 'annotation declaring class' for annotation type [org.springframework.test.context.ActiveProfiles] and class [com.shutl.controller.QuoteControllerFunctionalTest]
04:29:31.238 [Test worker] DEBUG org.springframework.boot.test.context.SpringBootTestContextBootstrapper - @TestExecutionListeners is not present for class [com.shutl.controller.QuoteControllerFunctionalTest]: using defaults.
04:29:31.246 [Test worker] INFO org.springframework.boot.test.context.SpringBootTestContextBootstrapper - Loaded default TestExecutionListener class names from location [META-INF/spring.factories]: [org.springframework.boot.test.autoconfigure.restdocs.RestDocsTestExecutionListener, org.springframework.boot.test.autoconfigure.web.client.MockRestServiceServerResetTestExecutionListener, org.springframework.boot.test.autoconfigure.web.servlet.MockMvcPrintOnlyOnFailureTestExecutionListener, org.springframework.boot.test.autoconfigure.web.servlet.WebDriverTestExecutionListener, org.springframework.boot.test.mock.mockito.MockitoTestExecutionListener, org.springframework.boot.test.mock.mockito.ResetMocksTestExecutionListener, org.springframework.test.context.web.ServletTestExecutionListener, org.springframework.test.context.support.DirtiesContextBeforeModesTestExecutionListener, org.springframework.test.context.support.DependencyInjectionTestExecutionListener, org.springframework.test.context.support.DirtiesContextTestExecutionListener, org.springframework.test.context.transaction.TransactionalTestExecutionListener, org.springframework.test.context.jdbc.SqlScriptsTestExecutionListener]
04:29:31.259 [Test worker] INFO org.springframework.boot.test.context.SpringBootTestContextBootstrapper - Could not instantiate TestExecutionListener [org.springframework.test.context.jdbc.SqlScriptsTestExecutionListener]. Specify custom listener classes or make the default listener classes (and their required dependencies) available. Offending class: [org/springframework/transaction/interceptor/TransactionAttribute]
04:29:31.260 [Test worker] INFO org.springframework.boot.test.context.SpringBootTestContextBootstrapper - Could not instantiate TestExecutionListener [org.springframework.test.context.transaction.TransactionalTestExecutionListener]. Specify custom listener classes or make the default listener classes (and their required dependencies) available. Offending class: [org/springframework/transaction/interceptor/TransactionAttributeSource]
04:29:31.265 [Test worker] INFO org.springframework.boot.test.context.SpringBootTestContextBootstrapper - Using TestExecutionListeners: [org.springframework.test.context.web.ServletTestExecutionListener@6588d126, org.springframework.test.context.support.DirtiesContextBeforeModesTestExecutionListener@52ab4fe7, org.springframework.boot.test.autoconfigure.SpringBootDependencyInjectionTestExecutionListener@7bdec6c0, org.springframework.test.context.support.DirtiesContextTestExecutionListener@4c57eb43, org.springframework.boot.test.autoconfigure.web.servlet.WebDriverTestExecutionListener@6ff5120e, org.springframework.boot.test.mock.mockito.MockitoTestExecutionListener@6729bc60, org.springframework.boot.test.autoconfigure.restdocs.RestDocsTestExecutionListener@6a4c9e83, org.springframework.boot.test.autoconfigure.web.client.MockRestServiceServerResetTestExecutionListener@19327d7a, org.springframework.boot.test.mock.mockito.ResetMocksTestExecutionListener@5e906930, org.springframework.boot.test.autoconfigure.web.servlet.MockMvcPrintOnlyOnFailureTestExecutionListener@7470143e]
04:29:31.269 [Test worker] DEBUG org.springframework.test.annotation.ProfileValueUtils - Retrieved @ProfileValueSourceConfiguration [null] for test class [com.shutl.controller.QuoteControllerFunctionalTest]
04:29:31.270 [Test worker] DEBUG org.springframework.test.annotation.ProfileValueUtils - Retrieved ProfileValueSource type [class org.springframework.test.annotation.SystemProfileValueSource] for class [com.shutl.controller.QuoteControllerFunctionalTest]
04:29:31.273 [Test worker] DEBUG org.springframework.test.annotation.ProfileValueUtils - Retrieved @ProfileValueSourceConfiguration [null] for test class [com.shutl.controller.QuoteControllerFunctionalTest]
04:29:31.273 [Test worker] DEBUG org.springframework.test.annotation.ProfileValueUtils - Retrieved ProfileValueSource type [class org.springframework.test.annotation.SystemProfileValueSource] for class [com.shutl.controller.QuoteControllerFunctionalTest]
04:29:31.281 [Test worker] DEBUG org.springframework.test.context.support.AbstractDirtiesContextTestExecutionListener - Before test class: context [DefaultTestContext@4bb83e32 testClass = QuoteControllerFunctionalTest, testInstance = [null], testMethod = [null], testException = [null], mergedContextConfiguration = [WebMergedContextConfiguration@c4f9908 testClass = QuoteControllerFunctionalTest, locations = '{}', classes = '{class com.shutl.Application, class com.shutl.Application}', contextInitializerClasses = '[]', activeProfiles = '{}', propertySourceLocations = '{}', propertySourceProperties = '{org.springframework.boot.test.context.SpringBootTestContextBootstrapper=true}', contextCustomizers = set[org.springframework.boot.test.autoconfigure.properties.PropertyMappingContextCustomizer@0, org.springframework.boot.test.autoconfigure.web.servlet.WebDriverContextCustomizerFactory$Customizer@799a39ae, org.springframework.boot.test.context.SpringBootTestContextCustomizer@749ab089, org.springframework.boot.test.context.filter.ExcludeFilterContextCustomizer@4609f5c4, org.springframework.boot.test.mock.mockito.MockitoContextCustomizer@0, org.springframework.test.context.web.socket.MockServerContainerContextCustomizer@2f1197e0], resourceBasePath = 'src/main/webapp', contextLoader = 'org.springframework.boot.test.context.SpringBootContextLoader', parent = [null]]], class annotated with @DirtiesContext [false] with mode [null].
04:29:31.282 [Test worker] DEBUG org.springframework.test.annotation.ProfileValueUtils - Retrieved @ProfileValueSourceConfiguration [null] for test class [com.shutl.controller.QuoteControllerFunctionalTest]
04:29:31.283 [Test worker] DEBUG org.springframework.test.annotation.ProfileValueUtils - Retrieved ProfileValueSource type [class org.springframework.test.annotation.SystemProfileValueSource] for class [com.shutl.controller.QuoteControllerFunctionalTest]
04:29:31.513 [Test worker] DEBUG org.springframework.core.env.StandardEnvironment - Adding [systemProperties] PropertySource with lowest search precedence
04:29:31.515 [Test worker] DEBUG org.springframework.core.env.StandardEnvironment - Adding [systemEnvironment] PropertySource with lowest search precedence
04:29:31.516 [Test worker] DEBUG org.springframework.core.env.StandardEnvironment - Initialized StandardEnvironment with PropertySources [systemProperties,systemEnvironment]
04:29:31.518 [Test worker] DEBUG org.springframework.core.env.MutablePropertySources - Adding [inline] PropertySource with highest search precedence
04:29:31.525 [Test worker] DEBUG org.springframework.test.context.support.TestPropertySourceUtils - Adding inlined properties to environment: {spring.jmx.enabled=false, org.springframework.boot.test.context.SpringBootTestContextBootstrapper=true, server.port=-1}
04:29:31.526 [Test worker] DEBUG org.springframework.core.env.StandardEnvironment - Adding [Inlined Test Properties] PropertySource with highest search precedence

  .   ____          _            __ _ _
 /\\ / ___'_ __ _ _(_)_ __  __ _ \ \ \ \
( ( )\___ | '_ | '_| | '_ \/ _` | \ \ \ \
 \\/  ___)| |_)| | | | | || (_| |  ) ) ) )
  '  |____| .__|_| |_|_| |_\__, | / / / /
 =========|_|==============|___/=/_/_/_/
 :: Spring Boot ::        (v1.5.3.RELEASE)

2021-12-24 04:29:32.030  INFO 67694 --- [    Test worker] c.s.c.QuoteControllerFunctionalTest      : Starting QuoteControllerFunctionalTest on MacBook-Air-5.local with PID 67694 (started by karan in /Users/karan/Documents/GitHub/take_home_exercise_intern)
2021-12-24 04:29:32.032  INFO 67694 --- [    Test worker] c.s.c.QuoteControllerFunctionalTest      : No active profile set, falling back to default profiles: default
2021-12-24 04:29:32.095  INFO 67694 --- [    Test worker] o.s.w.c.s.GenericWebApplicationContext   : Refreshing org.springframework.web.context.support.GenericWebApplicationContext@1f066fa6: startup date [Fri Dec 24 04:29:32 IST 2021]; root of context hierarchy
2021-12-24 04:29:34.095  INFO 67694 --- [    Test worker] s.w.s.m.m.a.RequestMappingHandlerAdapter : Looking for @ControllerAdvice: org.springframework.web.context.support.GenericWebApplicationContext@1f066fa6: startup date [Fri Dec 24 04:29:32 IST 2021]; root of context hierarchy
2021-12-24 04:29:34.170  INFO 67694 --- [    Test worker] s.w.s.m.m.a.RequestMappingHandlerMapping : Mapped "{[/quote],methods=[POST]}" onto public com.shutl.model.Quote com.shutl.controller.QuoteController.quote(com.shutl.model.Quote)
2021-12-24 04:29:34.175  INFO 67694 --- [    Test worker] s.w.s.m.m.a.RequestMappingHandlerMapping : Mapped "{[/error]}" onto public org.springframework.http.ResponseEntity<java.util.Map<java.lang.String, java.lang.Object>> org.springframework.boot.autoconfigure.web.BasicErrorController.error(javax.servlet.http.HttpServletRequest)
2021-12-24 04:29:34.176  INFO 67694 --- [    Test worker] s.w.s.m.m.a.RequestMappingHandlerMapping : Mapped "{[/error],produces=[text/html]}" onto public org.springframework.web.servlet.ModelAndView org.springframework.boot.autoconfigure.web.BasicErrorController.errorHtml(javax.servlet.http.HttpServletRequest,javax.servlet.http.HttpServletResponse)
2021-12-24 04:29:34.217  INFO 67694 --- [    Test worker] o.s.w.s.handler.SimpleUrlHandlerMapping  : Mapped URL path [/webjars/**] onto handler of type [class org.springframework.web.servlet.resource.ResourceHttpRequestHandler]
2021-12-24 04:29:34.218  INFO 67694 --- [    Test worker] o.s.w.s.handler.SimpleUrlHandlerMapping  : Mapped URL path [/**] onto handler of type [class org.springframework.web.servlet.resource.ResourceHttpRequestHandler]
2021-12-24 04:29:34.268  INFO 67694 --- [    Test worker] o.s.w.s.handler.SimpleUrlHandlerMapping  : Mapped URL path [/**/favicon.ico] onto handler of type [class org.springframework.web.servlet.resource.ResourceHttpRequestHandler]
2021-12-24 04:29:34.299  INFO 67694 --- [    Test worker] oConfiguration$WelcomePageHandlerMapping : Adding welcome page: ServletContext resource [/index.html]
2021-12-24 04:29:34.531  INFO 67694 --- [    Test worker] c.s.c.QuoteControllerFunctionalTest      : Started QuoteControllerFunctionalTest in 2.988 seconds (JVM running for 4.164)
2021-12-24 04:29:34.582  INFO 67694 --- [    Test worker] o.s.b.t.m.w.SpringBootMockServletContext : Initializing Spring FrameworkServlet ''
2021-12-24 04:29:34.582  INFO 67694 --- [    Test worker] o.s.t.web.servlet.TestDispatcherServlet  : FrameworkServlet '': initialization started
2021-12-24 04:29:34.600  INFO 67694 --- [    Test worker] o.s.t.web.servlet.TestDispatcherServlet  : FrameworkServlet '': initialization completed in 17 ms


 RECEIVED REQ:

 Quote(SW1A1AA, EC2A3LT, bicycle)


 RECEIVED REQ:

 Quote(SW1A1AA, EC2A3LT, motorbike)


 RECEIVED REQ:

 Quote(SW1A1AA, EC2A3LT, parcel_car)


 RECEIVED REQ:

 Quote(SW1A1AA, EC2A3LT, small_van)


 RECEIVED REQ:

 Quote(SW1A1AA, EC2A3LT, large_van)
2021-12-24 04:29:34.749  INFO 67694 --- [    Test worker] o.s.b.t.m.w.SpringBootMockServletContext : Initializing Spring FrameworkServlet ''
2021-12-24 04:29:34.749  INFO 67694 --- [    Test worker] o.s.t.web.servlet.TestDispatcherServlet  : FrameworkServlet '': initialization started
2021-12-24 04:29:34.751  INFO 67694 --- [    Test worker] o.s.t.web.servlet.TestDispatcherServlet  : FrameworkServlet '': initialization completed in 2 ms


 RECEIVED REQ:

 Quote(SW1A1AA, EC2A3LT, null)
2021-12-24 04:29:34.762  INFO 67694 --- [    Test worker] o.s.b.t.m.w.SpringBootMockServletContext : Initializing Spring FrameworkServlet ''
2021-12-24 04:29:34.763  INFO 67694 --- [    Test worker] o.s.t.web.servlet.TestDispatcherServlet  : FrameworkServlet '': initialization started
2021-12-24 04:29:34.766  INFO 67694 --- [    Test worker] o.s.t.web.servlet.TestDispatcherServlet  : FrameworkServlet '': initialization completed in 3 ms


 RECEIVED REQ:

 Quote(SW1A1AA, EC2A3LT, null)


 RECEIVED REQ:

 Quote(AL15WD, EC2A3LT, null)
]]></system-out>
  <system-err><![CDATA[]]></system-err>
</testsuite>
